<?xml version="1.0" encoding="UTF-8"?>
<testng-results ignored="0" total="1" passed="1" failed="0" skipped="0">
  <reporter-output>
  </reporter-output>
  <suite started-at="2024-09-05T11:35:19 IST" name="Suite" finished-at="2024-09-05T11:35:50 IST" duration-ms="31347">
    <groups>
    </groups>
    <test started-at="2024-09-05T11:35:19 IST" name="Test" finished-at="2024-09-05T11:35:50 IST" duration-ms="31347">
      <class name="testscripts.ChromeTest">
        <test-method is-config="true" signature="reportSetup()[pri:0, instance:testscripts.ChromeTest@20deea7f]" started-at="2024-09-05T11:35:18 IST" name="reportSetup" finished-at="2024-09-05T11:35:19 IST" duration-ms="181" status="PASS">
          <reporter-output>
          </reporter-output>
        </test-method> <!-- reportSetup -->
        <test-method is-config="true" signature="setupEmulator()[pri:0, instance:testscripts.ChromeTest@20deea7f]" started-at="2024-09-05T11:35:19 IST" name="setupEmulator" finished-at="2024-09-05T11:35:33 IST" duration-ms="14124" status="PASS">
          <reporter-output>
          </reporter-output>
        </test-method> <!-- setupEmulator -->
        <test-method signature="loginTest()[pri:0, instance:testscripts.ChromeTest@20deea7f]" started-at="2024-09-05T11:35:33 IST" name="loginTest" finished-at="2024-09-05T11:35:50 IST" duration-ms="17193" status="PASS">
          <reporter-output>
          </reporter-output>
        </test-method> <!-- loginTest -->
        <test-method is-config="true" signature="setupChrome()[pri:0, instance:testscripts.ChromeTest@20deea7f]" started-at="2024-09-05T11:35:33 IST" name="setupChrome" finished-at="2024-09-05T11:35:33 IST" duration-ms="0" status="PASS">
          <reporter-output>
          </reporter-output>
        </test-method> <!-- setupChrome -->
        <test-method is-config="true" signature="teardown()[pri:0, instance:testscripts.ChromeTest@20deea7f]" started-at="2024-09-05T11:35:50 IST" name="teardown" finished-at="2024-09-05T11:35:50 IST" duration-ms="0" status="PASS">
          <reporter-output>
          </reporter-output>
        </test-method> <!-- teardown -->
        <test-method is-config="true" signature="reportTeardown()[pri:0, instance:testscripts.ChromeTest@20deea7f]" started-at="2024-09-05T11:35:50 IST" name="reportTeardown" finished-at="2024-09-05T11:35:50 IST" duration-ms="321" status="PASS">
          <reporter-output>
          </reporter-output>
        </test-method> <!-- reportTeardown -->
      </class> <!-- testscripts.ChromeTest -->
    </test> <!-- Test -->
  </suite> <!-- Suite -->
</testng-results>
